2003.04.12 01:37 B J:\TreeDraw\airhorse.ls <-- cae /pong/usr3/y/yu-chil/TreeDraw airhorse.ls
2003.04.12 01:37 B J:\TreeDraw\butterfly.ls <-- cae /pong/usr3/y/yu-chil/TreeDraw butterfly.ls
2003.04.12 01:37 B J:\TreeDraw\checker.tga <-- cae /pong/usr3/y/yu-chil/TreeDraw checker.tga
2003.04.12 01:37 B J:\TreeDraw\copepod.ls <-- cae /pong/usr3/y/yu-chil/TreeDraw copepod.ls
2003.04.12 01:37 B J:\TreeDraw\dasysiphonia.ls <-- cae /pong/usr3/y/yu-chil/TreeDraw dasysiphonia.ls
2003.04.12 01:37 B J:\TreeDraw\Ground.cpp <-- cae /pong/usr3/y/yu-chil/TreeDraw Ground.cpp
2003.04.12 01:37 B J:\TreeDraw\Ground.h <-- cae /pong/usr3/y/yu-chil/TreeDraw Ground.h
2003.04.12 01:37 B J:\TreeDraw\lobster.ls <-- cae /pong/usr3/y/yu-chil/TreeDraw lobster.ls
2003.04.12 01:37 B J:\TreeDraw\test.ls <-- cae /pong/usr3/y/yu-chil/TreeDraw test.ls
2003.04.12 01:37 B J:\TreeDraw\tree-noleaves.ls <-- cae /pong/usr3/y/yu-chil/TreeDraw tree-noleaves.ls
2003.04.12 01:37 B J:\TreeDraw\tree.ls <-- cae /pong/usr3/y/yu-chil/TreeDraw tree.ls
2003.04.12 01:37 B J:\TreeDraw\tree2.ls <-- cae /pong/usr3/y/yu-chil/TreeDraw tree2.ls
2003.04.12 01:37 B J:\TreeDraw\TreeDraw.dsp <-- cae /pong/usr3/y/yu-chil/TreeDraw TreeDraw.dsp
2003.04.12 01:37 B J:\TreeDraw\TreeDraw.dsw <-- cae /pong/usr3/y/yu-chil/TreeDraw TreeDraw.dsw
2003.04.12 01:37 B J:\TreeDraw\TreeDraw.ncb <-- cae /pong/usr3/y/yu-chil/TreeDraw TreeDraw.ncb
2003.04.12 01:37 B J:\TreeDraw\TreeDraw.opt <-- cae /pong/usr3/y/yu-chil/TreeDraw TreeDraw.opt
2003.04.12 01:37 B J:\TreeDraw\TreeDraw.plg <-- cae /pong/usr3/y/yu-chil/TreeDraw TreeDraw.plg
2003.04.12 01:37 B J:\TreeDraw\Viewer.cpp <-- cae /pong/usr3/y/yu-chil/TreeDraw Viewer.cpp
2003.04.12 01:37 B J:\TreeDraw\ViewWindow.cpp <-- cae /pong/usr3/y/yu-chil/TreeDraw ViewWindow.cpp
2003.04.12 01:37 B J:\TreeDraw\ViewWindow.h <-- cae /pong/usr3/y/yu-chil/TreeDraw ViewWindow.h
2003.04.15 03:44 B J:\TreeDraw\tree.ls --> ftp.cae.wisc.edu /pong/usr3/y/yu-chil/TreeDraw tree.ls
2003.04.15 03:44 B J:\TreeDraw\TreeDraw.ncb --> ftp.cae.wisc.edu /pong/usr3/y/yu-chil/TreeDraw TreeDraw.ncb
2003.04.15 03:44 B J:\TreeDraw\TreeDraw.opt --> ftp.cae.wisc.edu /pong/usr3/y/yu-chil/TreeDraw TreeDraw.opt
2003.04.15 03:44 B J:\TreeDraw\TreeDraw.plg --> ftp.cae.wisc.edu /pong/usr3/y/yu-chil/TreeDraw TreeDraw.plg
2003.04.15 03:44 B J:\TreeDraw\ViewWindow.cpp --> ftp.cae.wisc.edu /pong/usr3/y/yu-chil/TreeDraw ViewWindow.cpp
2002.04.17 15:27 B E:\CS777\TreeDraw\airhorse.ls --> ftp.cae.wisc.edu /pong/usr3/y/yu-chil/TreeDraw airhorse.ls
2002.04.17 15:27 B E:\CS777\TreeDraw\airhorseT.ls --> ftp.cae.wisc.edu /pong/usr3/y/yu-chil/TreeDraw airhorseT.ls
2002.04.17 15:27 B E:\CS777\TreeDraw\bushlike.ls --> ftp.cae.wisc.edu /pong/usr3/y/yu-chil/TreeDraw bushlike.ls
2002.04.17 15:27 B E:\CS777\TreeDraw\butterfly.ls --> ftp.cae.wisc.edu /pong/usr3/y/yu-chil/TreeDraw butterfly.ls
2002.04.17 15:28 B E:\CS777\TreeDraw\checker.tga --> ftp.cae.wisc.edu /pong/usr3/y/yu-chil/TreeDraw checker.tga
2002.04.17 15:28 B E:\CS777\TreeDraw\copepod.ls --> ftp.cae.wisc.edu /pong/usr3/y/yu-chil/TreeDraw copepod.ls
2002.04.17 15:28 B E:\CS777\TreeDraw\dasysiphonia.ls --> ftp.cae.wisc.edu /pong/usr3/y/yu-chil/TreeDraw dasysiphonia.ls
2002.04.17 15:28 B E:\CS777\TreeDraw\Flower.ls --> ftp.cae.wisc.edu /pong/usr3/y/yu-chil/TreeDraw Flower.ls
2002.04.17 15:29 B E:\CS777\TreeDraw\Ground.cpp --> ftp.cae.wisc.edu /pong/usr3/y/yu-chil/TreeDraw Ground.cpp
2002.04.17 15:29 B E:\CS777\TreeDraw\Ground.h --> ftp.cae.wisc.edu /pong/usr3/y/yu-chil/TreeDraw Ground.h
2002.04.17 15:29 B E:\CS777\TreeDraw\leaf.ls --> ftp.cae.wisc.edu /pong/usr3/y/yu-chil/TreeDraw leaf.ls
2002.04.17 15:29 B E:\CS777\TreeDraw\lobster.ls --> ftp.cae.wisc.edu /pong/usr3/y/yu-chil/TreeDraw lobster.ls
2002.04.17 15:29 B E:\CS777\TreeDraw\Otree2.ls --> ftp.cae.wisc.edu /pong/usr3/y/yu-chil/TreeDraw Otree2.ls
2002.04.17 15:29 B E:\CS777\TreeDraw\test.ls --> ftp.cae.wisc.edu /pong/usr3/y/yu-chil/TreeDraw test.ls
2002.04.17 15:29 B E:\CS777\TreeDraw\tree.ls --> ftp.cae.wisc.edu /pong/usr3/y/yu-chil/TreeDraw tree.ls
2002.04.17 15:29 B E:\CS777\TreeDraw\tree2.ls --> ftp.cae.wisc.edu /pong/usr3/y/yu-chil/TreeDraw tree2.ls
2002.04.17 15:29 B E:\CS777\TreeDraw\TreeDraw.dsp --> ftp.cae.wisc.edu /pong/usr3/y/yu-chil/TreeDraw TreeDraw.dsp
2002.04.17 15:30 B E:\CS777\TreeDraw\TreeDraw.dsw --> ftp.cae.wisc.edu /pong/usr3/y/yu-chil/TreeDraw TreeDraw.dsw
2002.04.17 15:31 B E:\CS777\TreeDraw\TreeDraw.ncb --> ftp.cae.wisc.edu /pong/usr3/y/yu-chil/TreeDraw TreeDraw.ncb
2002.04.17 15:31 B E:\CS777\TreeDraw\TreeDraw.opt --> ftp.cae.wisc.edu /pong/usr3/y/yu-chil/TreeDraw TreeDraw.opt
2002.04.17 15:31 B E:\CS777\TreeDraw\TreeDraw.plg --> ftp.cae.wisc.edu /pong/usr3/y/yu-chil/TreeDraw TreeDraw.plg
2002.04.17 15:31 B E:\CS777\TreeDraw\Viewer.cpp --> ftp.cae.wisc.edu /pong/usr3/y/yu-chil/TreeDraw Viewer.cpp
2002.04.17 15:31 B E:\CS777\TreeDraw\ViewWindow.cpp --> ftp.cae.wisc.edu /pong/usr3/y/yu-chil/TreeDraw ViewWindow.cpp
2002.04.17 15:31 B E:\CS777\TreeDraw\ViewWindow.h --> ftp.cae.wisc.edu /pong/usr3/y/yu-chil/TreeDraw ViewWindow.h
2003.04.17 21:37 B I:\CS777\TreeDraw\WS_FTP.LOG <-- cae /pong/usr3/y/yu-chil/TreeDraw WS_FTP.LOG
2002.04.20 15:37 B E:\TreeDraw\airhorse.ls --> ftp.cae.wisc.edu /pong/usr3/y/yu-chil/TreeDraw airhorse.ls
2002.04.20 15:37 B E:\TreeDraw\airhorseT.ls --> ftp.cae.wisc.edu /pong/usr3/y/yu-chil/TreeDraw airhorseT.ls
2002.04.20 15:37 B E:\TreeDraw\bushlike.ls --> ftp.cae.wisc.edu /pong/usr3/y/yu-chil/TreeDraw bushlike.ls
2002.04.20 15:37 B E:\TreeDraw\butterfly.ls --> ftp.cae.wisc.edu /pong/usr3/y/yu-chil/TreeDraw butterfly.ls
2002.04.20 15:38 B E:\TreeDraw\checker.tga --> ftp.cae.wisc.edu /pong/usr3/y/yu-chil/TreeDraw checker.tga
2002.04.20 15:38 B E:\TreeDraw\copepod.ls --> ftp.cae.wisc.edu /pong/usr3/y/yu-chil/TreeDraw copepod.ls
2002.04.20 15:38 B E:\TreeDraw\dasysiphonia.ls --> ftp.cae.wisc.edu /pong/usr3/y/yu-chil/TreeDraw dasysiphonia.ls
2002.04.20 15:38 B E:\TreeDraw\Flower.ls --> ftp.cae.wisc.edu /pong/usr3/y/yu-chil/TreeDraw Flower.ls
2002.04.20 15:38 B E:\TreeDraw\global.asp --> ftp.cae.wisc.edu /pong/usr3/y/yu-chil/TreeDraw global.asp
2002.04.20 15:38 B E:\TreeDraw\Ground.cpp --> ftp.cae.wisc.edu /pong/usr3/y/yu-chil/TreeDraw Ground.cpp
2002.04.20 15:38 B E:\TreeDraw\Ground.h --> ftp.cae.wisc.edu /pong/usr3/y/yu-chil/TreeDraw Ground.h
2002.04.20 15:38 B E:\TreeDraw\leaf.ls --> ftp.cae.wisc.edu /pong/usr3/y/yu-chil/TreeDraw leaf.ls
2002.04.20 15:38 B E:\TreeDraw\lobster.ls --> ftp.cae.wisc.edu /pong/usr3/y/yu-chil/TreeDraw lobster.ls
2002.04.20 15:38 B E:\TreeDraw\main.cpp --> ftp.cae.wisc.edu /pong/usr3/y/yu-chil/TreeDraw main.cpp
2002.04.20 15:38 B E:\TreeDraw\Otree2.ls --> ftp.cae.wisc.edu /pong/usr3/y/yu-chil/TreeDraw Otree2.ls
2002.04.20 15:38 B E:\TreeDraw\StringMemory.cpp --> ftp.cae.wisc.edu /pong/usr3/y/yu-chil/TreeDraw StringMemory.cpp
2002.04.20 15:38 B E:\TreeDraw\StringMutation.cpp --> ftp.cae.wisc.edu /pong/usr3/y/yu-chil/TreeDraw StringMutation.cpp
2002.04.20 15:38 B E:\TreeDraw\StringVariable.cpp --> ftp.cae.wisc.edu /pong/usr3/y/yu-chil/TreeDraw StringVariable.cpp
2002.04.20 15:38 B E:\TreeDraw\test.ls --> ftp.cae.wisc.edu /pong/usr3/y/yu-chil/TreeDraw test.ls
2002.04.20 15:38 B E:\TreeDraw\tree.ls --> ftp.cae.wisc.edu /pong/usr3/y/yu-chil/TreeDraw tree.ls
2002.04.20 15:38 B E:\TreeDraw\tree2.ls --> ftp.cae.wisc.edu /pong/usr3/y/yu-chil/TreeDraw tree2.ls
2002.04.20 15:38 B E:\TreeDraw\TreeDraw.dsp --> ftp.cae.wisc.edu /pong/usr3/y/yu-chil/TreeDraw TreeDraw.dsp
2002.04.20 15:38 B E:\TreeDraw\TreeDraw.dsw --> ftp.cae.wisc.edu /pong/usr3/y/yu-chil/TreeDraw TreeDraw.dsw
2002.04.20 15:39 B E:\TreeDraw\TreeDraw.ncb --> ftp.cae.wisc.edu /pong/usr3/y/yu-chil/TreeDraw TreeDraw.ncb
2002.04.20 15:39 B E:\TreeDraw\TreeDraw.opt --> ftp.cae.wisc.edu /pong/usr3/y/yu-chil/TreeDraw TreeDraw.opt
2002.04.20 15:39 B E:\TreeDraw\TreeDraw.plg --> ftp.cae.wisc.edu /pong/usr3/y/yu-chil/TreeDraw TreeDraw.plg
2002.04.20 15:39 B E:\TreeDraw\Viewer.cpp --> ftp.cae.wisc.edu /pong/usr3/y/yu-chil/TreeDraw Viewer.cpp
2002.04.20 15:39 B E:\TreeDraw\ViewWindow.cpp --> ftp.cae.wisc.edu /pong/usr3/y/yu-chil/TreeDraw ViewWindow.cpp
2002.04.20 15:39 B E:\TreeDraw\ViewWindow.h --> ftp.cae.wisc.edu /pong/usr3/y/yu-chil/TreeDraw ViewWindow.h
2002.04.20 15:39 B E:\TreeDraw\WS_FTP.LOG --> ftp.cae.wisc.edu /pong/usr3/y/yu-chil/TreeDraw WS_FTP.LOG
