2003.04.10 22:12 B I:\CS777\LSystem\LOperation\GL_Lsystem.cpp <-- cae /pong/usr3/y/yu-chil/LSystem/LOperation GL_Lsystem.cpp
2003.04.10 22:12 B I:\CS777\LSystem\LOperation\GL_Lsystem.h <-- cae /pong/usr3/y/yu-chil/LSystem/LOperation GL_Lsystem.h
2003.04.10 22:12 B I:\CS777\LSystem\LOperation\GLGraphics.cpp <-- cae /pong/usr3/y/yu-chil/LSystem/LOperation GLGraphics.cpp
2003.04.10 22:12 B I:\CS777\LSystem\LOperation\GLGraphics.h <-- cae /pong/usr3/y/yu-chil/LSystem/LOperation GLGraphics.h
2003.04.10 22:12 B I:\CS777\LSystem\LOperation\LlineClass.cpp <-- cae /pong/usr3/y/yu-chil/LSystem/LOperation LlineClass.cpp
2003.04.10 22:12 B I:\CS777\LSystem\LOperation\LlineClass.h <-- cae /pong/usr3/y/yu-chil/LSystem/LOperation LlineClass.h
2003.04.10 22:12 B I:\CS777\LSystem\LOperation\LString.cpp <-- cae /pong/usr3/y/yu-chil/LSystem/LOperation LString.cpp
2003.04.10 22:12 B I:\CS777\LSystem\LOperation\LString.h <-- cae /pong/usr3/y/yu-chil/LSystem/LOperation LString.h
2003.04.10 22:12 B I:\CS777\LSystem\LOperation\Lturtle.cpp <-- cae /pong/usr3/y/yu-chil/LSystem/LOperation Lturtle.cpp
2003.04.10 22:12 B I:\CS777\LSystem\LOperation\Lturtle.h <-- cae /pong/usr3/y/yu-chil/LSystem/LOperation Lturtle.h
2003.04.10 22:12 B I:\CS777\LSystem\LOperation\Mutation.cpp <-- cae /pong/usr3/y/yu-chil/LSystem/LOperation Mutation.cpp
2003.04.10 22:12 B I:\CS777\LSystem\LOperation\Mutation.h <-- cae /pong/usr3/y/yu-chil/LSystem/LOperation Mutation.h
2003.04.10 22:12 B I:\CS777\LSystem\LOperation\StringIteration.cpp <-- cae /pong/usr3/y/yu-chil/LSystem/LOperation StringIteration.cpp
2003.04.10 22:12 B I:\CS777\LSystem\LOperation\StringMutation.cpp <-- cae /pong/usr3/y/yu-chil/LSystem/LOperation StringMutation.cpp
2003.04.10 22:12 B I:\CS777\LSystem\LOperation\StringRule.cpp <-- cae /pong/usr3/y/yu-chil/LSystem/LOperation StringRule.cpp
2003.04.10 22:12 B I:\CS777\LSystem\LOperation\StringVariable.cpp <-- cae /pong/usr3/y/yu-chil/LSystem/LOperation StringVariable.cpp
2003.04.11 02:52 B I:\CS777\StringSystem\LOperation\GL_Lsystem.cpp --> ftp.cae.wisc.edu /pong/usr3/y/yu-chil/StringSystem/LOperation GL_Lsystem.cpp
2003.04.11 02:52 B I:\CS777\StringSystem\LOperation\GL_Lsystem.h --> ftp.cae.wisc.edu /pong/usr3/y/yu-chil/StringSystem/LOperation GL_Lsystem.h
2003.04.11 02:52 B I:\CS777\StringSystem\LOperation\GLGraphics.cpp --> ftp.cae.wisc.edu /pong/usr3/y/yu-chil/StringSystem/LOperation GLGraphics.cpp
2003.04.11 02:52 B I:\CS777\StringSystem\LOperation\GLGraphics.h --> ftp.cae.wisc.edu /pong/usr3/y/yu-chil/StringSystem/LOperation GLGraphics.h
2003.04.11 02:52 B I:\CS777\StringSystem\LOperation\LlineClass.cpp --> ftp.cae.wisc.edu /pong/usr3/y/yu-chil/StringSystem/LOperation LlineClass.cpp
2003.04.11 02:52 B I:\CS777\StringSystem\LOperation\LlineClass.h --> ftp.cae.wisc.edu /pong/usr3/y/yu-chil/StringSystem/LOperation LlineClass.h
2003.04.11 02:52 B I:\CS777\StringSystem\LOperation\LString.cpp --> ftp.cae.wisc.edu /pong/usr3/y/yu-chil/StringSystem/LOperation LString.cpp
2003.04.11 02:52 B I:\CS777\StringSystem\LOperation\LString.h --> ftp.cae.wisc.edu /pong/usr3/y/yu-chil/StringSystem/LOperation LString.h
2003.04.11 02:52 B I:\CS777\StringSystem\LOperation\LStringGetValue.cpp --> ftp.cae.wisc.edu /pong/usr3/y/yu-chil/StringSystem/LOperation LStringGetValue.cpp
2003.04.11 02:52 B I:\CS777\StringSystem\LOperation\LStringInterface.cpp --> ftp.cae.wisc.edu /pong/usr3/y/yu-chil/StringSystem/LOperation LStringInterface.cpp
2003.04.11 02:52 B I:\CS777\StringSystem\LOperation\LStringIteration.cpp --> ftp.cae.wisc.edu /pong/usr3/y/yu-chil/StringSystem/LOperation LStringIteration.cpp
2003.04.11 02:52 B I:\CS777\StringSystem\LOperation\LStringMutation.cpp --> ftp.cae.wisc.edu /pong/usr3/y/yu-chil/StringSystem/LOperation LStringMutation.cpp
2003.04.11 02:52 B I:\CS777\StringSystem\LOperation\Lturtle.cpp --> ftp.cae.wisc.edu /pong/usr3/y/yu-chil/StringSystem/LOperation Lturtle.cpp
2003.04.11 02:52 B I:\CS777\StringSystem\LOperation\Lturtle.h --> ftp.cae.wisc.edu /pong/usr3/y/yu-chil/StringSystem/LOperation Lturtle.h
2003.04.11 02:52 B I:\CS777\StringSystem\LOperation\Mutation.cpp --> ftp.cae.wisc.edu /pong/usr3/y/yu-chil/StringSystem/LOperation Mutation.cpp
2003.04.11 02:52 B I:\CS777\StringSystem\LOperation\Mutation.h --> ftp.cae.wisc.edu /pong/usr3/y/yu-chil/StringSystem/LOperation Mutation.h
2003.04.11 02:52 B I:\CS777\StringSystem\LOperation\StringIteration.asp --> ftp.cae.wisc.edu /pong/usr3/y/yu-chil/StringSystem/LOperation StringIteration.asp
2003.04.12 01:37 B J:\TreeDraw\LOperation\WS_FTP.LOG <-- cae /pong/usr3/y/yu-chil/TreeDraw/LOperation WS_FTP.LOG
2003.04.15 03:44 B J:\TreeDraw\LOperation\LString.h --> ftp.cae.wisc.edu /pong/usr3/y/yu-chil/TreeDraw/LOperation LString.h
2003.04.15 03:44 B J:\TreeDraw\LOperation\LStringIteration.cpp --> ftp.cae.wisc.edu /pong/usr3/y/yu-chil/TreeDraw/LOperation LStringIteration.cpp
2003.04.15 03:44 B J:\TreeDraw\LOperation\LTurtle.cpp --> ftp.cae.wisc.edu /pong/usr3/y/yu-chil/TreeDraw/LOperation LTurtle.cpp
2003.04.15 03:44 B J:\TreeDraw\LOperation\LTurtle.h --> ftp.cae.wisc.edu /pong/usr3/y/yu-chil/TreeDraw/LOperation LTurtle.h
2003.04.15 03:44 B J:\TreeDraw\LOperation\StringIteration.asp --> ftp.cae.wisc.edu /pong/usr3/y/yu-chil/TreeDraw/LOperation StringIteration.asp
2002.04.17 15:26 B E:\CS777\TreeDraw\LOperation\LlineClass.cpp --> ftp.cae.wisc.edu /pong/usr3/y/yu-chil/TreeDraw/LOperation LlineClass.cpp
2002.04.17 15:26 B E:\CS777\TreeDraw\LOperation\LlineClass.h --> ftp.cae.wisc.edu /pong/usr3/y/yu-chil/TreeDraw/LOperation LlineClass.h
2002.04.17 15:26 B E:\CS777\TreeDraw\LOperation\LString.cpp --> ftp.cae.wisc.edu /pong/usr3/y/yu-chil/TreeDraw/LOperation LString.cpp
2002.04.17 15:26 B E:\CS777\TreeDraw\LOperation\LString.h --> ftp.cae.wisc.edu /pong/usr3/y/yu-chil/TreeDraw/LOperation LString.h
2002.04.17 15:26 B E:\CS777\TreeDraw\LOperation\LStringGetValue.cpp --> ftp.cae.wisc.edu /pong/usr3/y/yu-chil/TreeDraw/LOperation LStringGetValue.cpp
2002.04.17 15:26 B E:\CS777\TreeDraw\LOperation\LStringInterface.cpp --> ftp.cae.wisc.edu /pong/usr3/y/yu-chil/TreeDraw/LOperation LStringInterface.cpp
2002.04.17 15:26 B E:\CS777\TreeDraw\LOperation\LStringIteration.cpp --> ftp.cae.wisc.edu /pong/usr3/y/yu-chil/TreeDraw/LOperation LStringIteration.cpp
2002.04.17 15:26 B E:\CS777\TreeDraw\LOperation\LStringMutation.cpp --> ftp.cae.wisc.edu /pong/usr3/y/yu-chil/TreeDraw/LOperation LStringMutation.cpp
2002.04.17 15:26 B E:\CS777\TreeDraw\LOperation\LTurtle.cpp --> ftp.cae.wisc.edu /pong/usr3/y/yu-chil/TreeDraw/LOperation LTurtle.cpp
2002.04.17 15:26 B E:\CS777\TreeDraw\LOperation\LTurtle.h --> ftp.cae.wisc.edu /pong/usr3/y/yu-chil/TreeDraw/LOperation LTurtle.h
2002.04.17 15:26 B E:\CS777\TreeDraw\LOperation\Mutation.cpp --> ftp.cae.wisc.edu /pong/usr3/y/yu-chil/TreeDraw/LOperation Mutation.cpp
2002.04.17 15:26 B E:\CS777\TreeDraw\LOperation\Mutation.h --> ftp.cae.wisc.edu /pong/usr3/y/yu-chil/TreeDraw/LOperation Mutation.h
2002.04.17 15:26 B E:\CS777\TreeDraw\LOperation\StringIteration.asp --> ftp.cae.wisc.edu /pong/usr3/y/yu-chil/TreeDraw/LOperation StringIteration.asp
2003.04.17 21:37 B I:\CS777\TreeDraw\LOperation\WS_FTP.LOG <-- cae /pong/usr3/y/yu-chil/TreeDraw/LOperation WS_FTP.LOG
2002.04.20 15:36 B E:\TreeDraw\LOperation\LlineClass.cpp --> ftp.cae.wisc.edu /pong/usr3/y/yu-chil/TreeDraw/LOperation LlineClass.cpp
2002.04.20 15:36 B E:\TreeDraw\LOperation\LlineClass.h --> ftp.cae.wisc.edu /pong/usr3/y/yu-chil/TreeDraw/LOperation LlineClass.h
2002.04.20 15:36 B E:\TreeDraw\LOperation\LString.cpp --> ftp.cae.wisc.edu /pong/usr3/y/yu-chil/TreeDraw/LOperation LString.cpp
2002.04.20 15:36 B E:\TreeDraw\LOperation\LString.h --> ftp.cae.wisc.edu /pong/usr3/y/yu-chil/TreeDraw/LOperation LString.h
2002.04.20 15:36 B E:\TreeDraw\LOperation\LStringGetValue.cpp --> ftp.cae.wisc.edu /pong/usr3/y/yu-chil/TreeDraw/LOperation LStringGetValue.cpp
2002.04.20 15:36 B E:\TreeDraw\LOperation\LStringInterface.cpp --> ftp.cae.wisc.edu /pong/usr3/y/yu-chil/TreeDraw/LOperation LStringInterface.cpp
2002.04.20 15:36 B E:\TreeDraw\LOperation\LStringIteration.cpp --> ftp.cae.wisc.edu /pong/usr3/y/yu-chil/TreeDraw/LOperation LStringIteration.cpp
2002.04.20 15:36 B E:\TreeDraw\LOperation\LStringMutation.cpp --> ftp.cae.wisc.edu /pong/usr3/y/yu-chil/TreeDraw/LOperation LStringMutation.cpp
2002.04.20 15:37 B E:\TreeDraw\LOperation\LTurtle.cpp --> ftp.cae.wisc.edu /pong/usr3/y/yu-chil/TreeDraw/LOperation LTurtle.cpp
2002.04.20 15:37 B E:\TreeDraw\LOperation\LTurtle.h --> ftp.cae.wisc.edu /pong/usr3/y/yu-chil/TreeDraw/LOperation LTurtle.h
2002.04.20 15:37 B E:\TreeDraw\LOperation\Mutation.cpp --> ftp.cae.wisc.edu /pong/usr3/y/yu-chil/TreeDraw/LOperation Mutation.cpp
2002.04.20 15:37 B E:\TreeDraw\LOperation\Mutation.h --> ftp.cae.wisc.edu /pong/usr3/y/yu-chil/TreeDraw/LOperation Mutation.h
2002.04.20 15:37 B E:\TreeDraw\LOperation\StringIteration.asp --> ftp.cae.wisc.edu /pong/usr3/y/yu-chil/TreeDraw/LOperation StringIteration.asp
2002.04.20 15:37 B E:\TreeDraw\LOperation\StringPrint.cpp --> ftp.cae.wisc.edu /pong/usr3/y/yu-chil/TreeDraw/LOperation StringPrint.cpp
2002.04.20 15:37 B E:\TreeDraw\LOperation\StringRule.cpp --> ftp.cae.wisc.edu /pong/usr3/y/yu-chil/TreeDraw/LOperation StringRule.cpp
2002.04.20 15:37 B E:\TreeDraw\LOperation\WS_FTP.LOG --> ftp.cae.wisc.edu /pong/usr3/y/yu-chil/TreeDraw/LOperation WS_FTP.LOG
