2002.04.17 15:26 B E:\CS777\TreeDraw\GooDF\bushlike2.ls --> ftp.cae.wisc.edu /pong/usr3/y/yu-chil/TreeDraw/GooDF bushlike2.ls
2002.04.17 15:26 B E:\CS777\TreeDraw\GooDF\Caucut.ls --> ftp.cae.wisc.edu /pong/usr3/y/yu-chil/TreeDraw/GooDF Caucut.ls
2002.04.17 15:26 B E:\CS777\TreeDraw\GooDF\flower2.ls --> ftp.cae.wisc.edu /pong/usr3/y/yu-chil/TreeDraw/GooDF flower2.ls
2002.04.17 15:26 B E:\CS777\TreeDraw\GooDF\Otree.ls --> ftp.cae.wisc.edu /pong/usr3/y/yu-chil/TreeDraw/GooDF Otree.ls
2002.04.17 15:26 B E:\CS777\TreeDraw\GooDF\tree-noleaves.ls --> ftp.cae.wisc.edu /pong/usr3/y/yu-chil/TreeDraw/GooDF tree-noleaves.ls
2002.04.20 07:55 B E:\CS777\TreeDraw\GooDF\airhorse.ls --> ftp.cae.wisc.edu /pong/usr3/y/yu-chil/GooDF airhorse.ls
2002.04.20 07:55 B E:\CS777\TreeDraw\GooDF\bushlike1.ls --> ftp.cae.wisc.edu /pong/usr3/y/yu-chil/GooDF bushlike1.ls
2002.04.20 07:55 B E:\CS777\TreeDraw\GooDF\bushlike2.ls --> ftp.cae.wisc.edu /pong/usr3/y/yu-chil/GooDF bushlike2.ls
2002.04.20 07:55 B E:\CS777\TreeDraw\GooDF\butterfly.ls --> ftp.cae.wisc.edu /pong/usr3/y/yu-chil/GooDF butterfly.ls
2002.04.20 07:55 B E:\CS777\TreeDraw\GooDF\copepod.ls --> ftp.cae.wisc.edu /pong/usr3/y/yu-chil/GooDF copepod.ls
2002.04.20 07:55 B E:\CS777\TreeDraw\GooDF\dasysiphonia.ls --> ftp.cae.wisc.edu /pong/usr3/y/yu-chil/GooDF dasysiphonia.ls
2002.04.20 07:55 B E:\CS777\TreeDraw\GooDF\flower.ls --> ftp.cae.wisc.edu /pong/usr3/y/yu-chil/GooDF flower.ls
2002.04.20 07:55 B E:\CS777\TreeDraw\GooDF\flower2.ls --> ftp.cae.wisc.edu /pong/usr3/y/yu-chil/GooDF flower2.ls
2002.04.20 07:55 B E:\CS777\TreeDraw\GooDF\lobster.ls --> ftp.cae.wisc.edu /pong/usr3/y/yu-chil/GooDF lobster.ls
2002.04.20 07:55 B E:\CS777\TreeDraw\GooDF\Otree.ls --> ftp.cae.wisc.edu /pong/usr3/y/yu-chil/GooDF Otree.ls
2002.04.20 07:55 B E:\CS777\TreeDraw\GooDF\palm.ls --> ftp.cae.wisc.edu /pong/usr3/y/yu-chil/GooDF palm.ls
2002.04.20 07:55 B E:\CS777\TreeDraw\GooDF\tree-noleaves.ls --> ftp.cae.wisc.edu /pong/usr3/y/yu-chil/GooDF tree-noleaves.ls
2002.04.20 07:55 B E:\CS777\TreeDraw\GooDF\tree.ls --> ftp.cae.wisc.edu /pong/usr3/y/yu-chil/GooDF tree.ls
2002.04.20 07:55 B E:\CS777\TreeDraw\GooDF\tree1.ls --> ftp.cae.wisc.edu /pong/usr3/y/yu-chil/GooDF tree1.ls
2002.04.20 07:55 B E:\CS777\TreeDraw\GooDF\tree3.ls --> ftp.cae.wisc.edu /pong/usr3/y/yu-chil/GooDF tree3.ls
2002.04.20 07:55 B E:\CS777\TreeDraw\GooDF\tree4.ls --> ftp.cae.wisc.edu /pong/usr3/y/yu-chil/GooDF tree4.ls
2002.04.20 07:55 B E:\CS777\TreeDraw\GooDF\WS_FTP.LOG --> ftp.cae.wisc.edu /pong/usr3/y/yu-chil/GooDF WS_FTP.LOG
2002.04.20 15:36 B E:\TreeDraw\GooDF\airhorse.ls --> ftp.cae.wisc.edu /pong/usr3/y/yu-chil/TreeDraw/GooDF airhorse.ls
2002.04.20 15:36 B E:\TreeDraw\GooDF\bushlike1.ls --> ftp.cae.wisc.edu /pong/usr3/y/yu-chil/TreeDraw/GooDF bushlike1.ls
2002.04.20 15:36 B E:\TreeDraw\GooDF\bushlike2.ls --> ftp.cae.wisc.edu /pong/usr3/y/yu-chil/TreeDraw/GooDF bushlike2.ls
2002.04.20 15:36 B E:\TreeDraw\GooDF\butterfly.ls --> ftp.cae.wisc.edu /pong/usr3/y/yu-chil/TreeDraw/GooDF butterfly.ls
2002.04.20 15:36 B E:\TreeDraw\GooDF\Caucut.ls --> ftp.cae.wisc.edu /pong/usr3/y/yu-chil/TreeDraw/GooDF Caucut.ls
2002.04.20 15:36 B E:\TreeDraw\GooDF\copepod.ls --> ftp.cae.wisc.edu /pong/usr3/y/yu-chil/TreeDraw/GooDF copepod.ls
2002.04.20 15:36 B E:\TreeDraw\GooDF\dasysiphonia.ls --> ftp.cae.wisc.edu /pong/usr3/y/yu-chil/TreeDraw/GooDF dasysiphonia.ls
2002.04.20 15:36 B E:\TreeDraw\GooDF\flower.ls --> ftp.cae.wisc.edu /pong/usr3/y/yu-chil/TreeDraw/GooDF flower.ls
2002.04.20 15:36 B E:\TreeDraw\GooDF\flower2.ls --> ftp.cae.wisc.edu /pong/usr3/y/yu-chil/TreeDraw/GooDF flower2.ls
2002.04.20 15:36 B E:\TreeDraw\GooDF\lobster.ls --> ftp.cae.wisc.edu /pong/usr3/y/yu-chil/TreeDraw/GooDF lobster.ls
2002.04.20 15:36 B E:\TreeDraw\GooDF\palm.ls --> ftp.cae.wisc.edu /pong/usr3/y/yu-chil/TreeDraw/GooDF palm.ls
2002.04.20 15:36 B E:\TreeDraw\GooDF\tree.ls --> ftp.cae.wisc.edu /pong/usr3/y/yu-chil/TreeDraw/GooDF tree.ls
2002.04.20 15:36 B E:\TreeDraw\GooDF\tree1.ls --> ftp.cae.wisc.edu /pong/usr3/y/yu-chil/TreeDraw/GooDF tree1.ls
2002.04.20 15:36 B E:\TreeDraw\GooDF\tree3.ls --> ftp.cae.wisc.edu /pong/usr3/y/yu-chil/TreeDraw/GooDF tree3.ls
2002.04.20 15:36 B E:\TreeDraw\GooDF\tree4.ls --> ftp.cae.wisc.edu /pong/usr3/y/yu-chil/TreeDraw/GooDF tree4.ls
2002.04.20 15:36 B E:\TreeDraw\GooDF\WS_FTP.LOG --> ftp.cae.wisc.edu /pong/usr3/y/yu-chil/TreeDraw/GooDF WS_FTP.LOG
