2002.04.11 08:38 B E:\CS777\FinalProject\math\thinair\environ.h --> ftp.cae.wisc.edu /pong/usr3/y/yu-chil/FinalProject/math/thinair environ.h
2002.04.11 08:38 B E:\CS777\FinalProject\math\thinair\erndmcnm.h --> ftp.cae.wisc.edu /pong/usr3/y/yu-chil/FinalProject/math/thinair erndmcnm.h
2002.04.11 08:38 B E:\CS777\FinalProject\math\thinair\Makefile --> ftp.cae.wisc.edu /pong/usr3/y/yu-chil/FinalProject/math/thinair Makefile
2002.04.11 08:38 B E:\CS777\FinalProject\math\thinair\modarith.cpp --> ftp.cae.wisc.edu /pong/usr3/y/yu-chil/FinalProject/math/thinair modarith.cpp
2002.04.11 08:38 B E:\CS777\FinalProject\math\thinair\modarith.h --> ftp.cae.wisc.edu /pong/usr3/y/yu-chil/FinalProject/math/thinair modarith.h
2002.04.11 08:38 B E:\CS777\FinalProject\math\thinair\rand_rng.cpp --> ftp.cae.wisc.edu /pong/usr3/y/yu-chil/FinalProject/math/thinair rand_rng.cpp
2002.04.11 08:38 B E:\CS777\FinalProject\math\thinair\rand_rng.h --> ftp.cae.wisc.edu /pong/usr3/y/yu-chil/FinalProject/math/thinair rand_rng.h
2002.04.11 08:38 B E:\CS777\FinalProject\math\thinair\randcomp.cpp --> ftp.cae.wisc.edu /pong/usr3/y/yu-chil/FinalProject/math/thinair randcomp.cpp
2002.04.11 08:38 B E:\CS777\FinalProject\math\thinair\randcomp.h --> ftp.cae.wisc.edu /pong/usr3/y/yu-chil/FinalProject/math/thinair randcomp.h
2002.04.11 08:38 B E:\CS777\FinalProject\math\thinair\randcong.cpp --> ftp.cae.wisc.edu /pong/usr3/y/yu-chil/FinalProject/math/thinair randcong.cpp
2002.04.11 08:38 B E:\CS777\FinalProject\math\thinair\randcong.h --> ftp.cae.wisc.edu /pong/usr3/y/yu-chil/FinalProject/math/thinair randcong.h
2002.04.11 08:38 B E:\CS777\FinalProject\math\thinair\randgen.cpp --> ftp.cae.wisc.edu /pong/usr3/y/yu-chil/FinalProject/math/thinair randgen.cpp
2002.04.11 08:38 B E:\CS777\FinalProject\math\thinair\randgen.h --> ftp.cae.wisc.edu /pong/usr3/y/yu-chil/FinalProject/math/thinair randgen.h
2002.04.11 08:38 B E:\CS777\FinalProject\math\thinair\randmcon.cpp --> ftp.cae.wisc.edu /pong/usr3/y/yu-chil/FinalProject/math/thinair randmcon.cpp
2002.04.11 08:39 B E:\CS777\FinalProject\math\thinair\randmcon.h --> ftp.cae.wisc.edu /pong/usr3/y/yu-chil/FinalProject/math/thinair randmcon.h
2002.04.11 08:39 B E:\CS777\FinalProject\math\thinair\rndmconm.cpp --> ftp.cae.wisc.edu /pong/usr3/y/yu-chil/FinalProject/math/thinair rndmconm.cpp
2002.04.11 08:39 B E:\CS777\FinalProject\math\thinair\rndmconm.h --> ftp.cae.wisc.edu /pong/usr3/y/yu-chil/FinalProject/math/thinair rndmconm.h
2003.04.12 01:37 B J:\TreeDraw\math\thinair\WS_FTP.LOG <-- cae /pong/usr3/y/yu-chil/TreeDraw/math/thinair WS_FTP.LOG
2002.04.17 15:26 B E:\CS777\TreeDraw\math\thinair\environ.h --> ftp.cae.wisc.edu /pong/usr3/y/yu-chil/TreeDraw/math/thinair environ.h
2002.04.17 15:27 B E:\CS777\TreeDraw\math\thinair\erndmcnm.h --> ftp.cae.wisc.edu /pong/usr3/y/yu-chil/TreeDraw/math/thinair erndmcnm.h
2002.04.17 15:27 B E:\CS777\TreeDraw\math\thinair\Makefile --> ftp.cae.wisc.edu /pong/usr3/y/yu-chil/TreeDraw/math/thinair Makefile
2002.04.17 15:27 B E:\CS777\TreeDraw\math\thinair\modarith.cpp --> ftp.cae.wisc.edu /pong/usr3/y/yu-chil/TreeDraw/math/thinair modarith.cpp
2002.04.17 15:27 B E:\CS777\TreeDraw\math\thinair\modarith.h --> ftp.cae.wisc.edu /pong/usr3/y/yu-chil/TreeDraw/math/thinair modarith.h
2002.04.17 15:27 B E:\CS777\TreeDraw\math\thinair\rand_rng.cpp --> ftp.cae.wisc.edu /pong/usr3/y/yu-chil/TreeDraw/math/thinair rand_rng.cpp
2002.04.17 15:27 B E:\CS777\TreeDraw\math\thinair\rand_rng.h --> ftp.cae.wisc.edu /pong/usr3/y/yu-chil/TreeDraw/math/thinair rand_rng.h
2002.04.17 15:27 B E:\CS777\TreeDraw\math\thinair\randcomp.cpp --> ftp.cae.wisc.edu /pong/usr3/y/yu-chil/TreeDraw/math/thinair randcomp.cpp
2002.04.17 15:27 B E:\CS777\TreeDraw\math\thinair\randcomp.h --> ftp.cae.wisc.edu /pong/usr3/y/yu-chil/TreeDraw/math/thinair randcomp.h
2002.04.17 15:27 B E:\CS777\TreeDraw\math\thinair\randcong.cpp --> ftp.cae.wisc.edu /pong/usr3/y/yu-chil/TreeDraw/math/thinair randcong.cpp
2002.04.17 15:27 B E:\CS777\TreeDraw\math\thinair\randcong.h --> ftp.cae.wisc.edu /pong/usr3/y/yu-chil/TreeDraw/math/thinair randcong.h
2002.04.17 15:27 B E:\CS777\TreeDraw\math\thinair\randgen.cpp --> ftp.cae.wisc.edu /pong/usr3/y/yu-chil/TreeDraw/math/thinair randgen.cpp
2002.04.17 15:27 B E:\CS777\TreeDraw\math\thinair\randgen.h --> ftp.cae.wisc.edu /pong/usr3/y/yu-chil/TreeDraw/math/thinair randgen.h
2002.04.17 15:27 B E:\CS777\TreeDraw\math\thinair\randmcon.cpp --> ftp.cae.wisc.edu /pong/usr3/y/yu-chil/TreeDraw/math/thinair randmcon.cpp
2002.04.17 15:27 B E:\CS777\TreeDraw\math\thinair\randmcon.h --> ftp.cae.wisc.edu /pong/usr3/y/yu-chil/TreeDraw/math/thinair randmcon.h
2002.04.17 15:27 B E:\CS777\TreeDraw\math\thinair\rndmconm.cpp --> ftp.cae.wisc.edu /pong/usr3/y/yu-chil/TreeDraw/math/thinair rndmconm.cpp
2002.04.17 15:27 B E:\CS777\TreeDraw\math\thinair\rndmconm.h --> ftp.cae.wisc.edu /pong/usr3/y/yu-chil/TreeDraw/math/thinair rndmconm.h
2003.04.17 21:37 B I:\CS777\TreeDraw\math\thinair\WS_FTP.LOG <-- cae /pong/usr3/y/yu-chil/TreeDraw/math/thinair WS_FTP.LOG
2002.04.20 15:37 B E:\TreeDraw\math\thinair\environ.h --> ftp.cae.wisc.edu /pong/usr3/y/yu-chil/TreeDraw/math/thinair environ.h
2002.04.20 15:37 B E:\TreeDraw\math\thinair\erndmcnm.h --> ftp.cae.wisc.edu /pong/usr3/y/yu-chil/TreeDraw/math/thinair erndmcnm.h
2002.04.20 15:37 B E:\TreeDraw\math\thinair\Makefile --> ftp.cae.wisc.edu /pong/usr3/y/yu-chil/TreeDraw/math/thinair Makefile
2002.04.20 15:37 B E:\TreeDraw\math\thinair\modarith.cpp --> ftp.cae.wisc.edu /pong/usr3/y/yu-chil/TreeDraw/math/thinair modarith.cpp
2002.04.20 15:37 B E:\TreeDraw\math\thinair\modarith.h --> ftp.cae.wisc.edu /pong/usr3/y/yu-chil/TreeDraw/math/thinair modarith.h
2002.04.20 15:37 B E:\TreeDraw\math\thinair\rand_rng.cpp --> ftp.cae.wisc.edu /pong/usr3/y/yu-chil/TreeDraw/math/thinair rand_rng.cpp
2002.04.20 15:37 B E:\TreeDraw\math\thinair\rand_rng.h --> ftp.cae.wisc.edu /pong/usr3/y/yu-chil/TreeDraw/math/thinair rand_rng.h
2002.04.20 15:37 B E:\TreeDraw\math\thinair\randcomp.cpp --> ftp.cae.wisc.edu /pong/usr3/y/yu-chil/TreeDraw/math/thinair randcomp.cpp
2002.04.20 15:37 B E:\TreeDraw\math\thinair\randcomp.h --> ftp.cae.wisc.edu /pong/usr3/y/yu-chil/TreeDraw/math/thinair randcomp.h
2002.04.20 15:37 B E:\TreeDraw\math\thinair\randcong.cpp --> ftp.cae.wisc.edu /pong/usr3/y/yu-chil/TreeDraw/math/thinair randcong.cpp
2002.04.20 15:37 B E:\TreeDraw\math\thinair\randcong.h --> ftp.cae.wisc.edu /pong/usr3/y/yu-chil/TreeDraw/math/thinair randcong.h
2002.04.20 15:37 B E:\TreeDraw\math\thinair\randgen.cpp --> ftp.cae.wisc.edu /pong/usr3/y/yu-chil/TreeDraw/math/thinair randgen.cpp
2002.04.20 15:37 B E:\TreeDraw\math\thinair\randgen.h --> ftp.cae.wisc.edu /pong/usr3/y/yu-chil/TreeDraw/math/thinair randgen.h
2002.04.20 15:37 B E:\TreeDraw\math\thinair\randmcon.cpp --> ftp.cae.wisc.edu /pong/usr3/y/yu-chil/TreeDraw/math/thinair randmcon.cpp
2002.04.20 15:37 B E:\TreeDraw\math\thinair\randmcon.h --> ftp.cae.wisc.edu /pong/usr3/y/yu-chil/TreeDraw/math/thinair randmcon.h
2002.04.20 15:37 B E:\TreeDraw\math\thinair\rndmconm.cpp --> ftp.cae.wisc.edu /pong/usr3/y/yu-chil/TreeDraw/math/thinair rndmconm.cpp
2002.04.20 15:37 B E:\TreeDraw\math\thinair\rndmconm.h --> ftp.cae.wisc.edu /pong/usr3/y/yu-chil/TreeDraw/math/thinair rndmconm.h
2002.04.20 15:37 B E:\TreeDraw\math\thinair\WS_FTP.LOG --> ftp.cae.wisc.edu /pong/usr3/y/yu-chil/TreeDraw/math/thinair WS_FTP.LOG
